[0.317s] Invoking command in '/home/optimo/workspaces/maestro_ws/build/plato_teleop': CMAKE_PREFIX_PATH=${CMAKE_PREFIX_PATH}:/home/optimo/workspaces/plato_ws/install/plato_pycontroller:/home/optimo/workspaces/spacemouse_ws/install/spaceMouse_navigator:/home/optimo/workspaces/spacemouse_ws/install/data_collection:/opt/ros/humble /usr/bin/cmake /home/optimo/workspaces/maestro_ws/src/plato_teleop -DCMAKE_INSTALL_PREFIX=/home/optimo/workspaces/maestro_ws/install/plato_teleop
[0.522s] -- Found moveit_common: 2.5.5 (/opt/ros/humble/share/moveit_common/cmake)
[0.522s] -- Found tf2_geometry_msgs: 0.25.5 (/opt/ros/humble/share/tf2_geometry_msgs/cmake)
[0.522s] -- Found rosidl_generator_c: 3.1.5 (/opt/ros/humble/share/rosidl_generator_c/cmake)
[0.522s] -- Found rosidl_adapter: 3.1.5 (/opt/ros/humble/share/rosidl_adapter/cmake)
[0.522s] -- Found rosidl_generator_cpp: 3.1.5 (/opt/ros/humble/share/rosidl_generator_cpp/cmake)
[0.522s] -- Using all available rosidl_typesupport_c: rosidl_typesupport_fastrtps_c;rosidl_typesupport_introspection_c
[0.522s] -- Using all available rosidl_typesupport_cpp: rosidl_typesupport_fastrtps_cpp;rosidl_typesupport_introspection_cpp
[0.555s] -- Found eigen3_cmake_module: 0.1.1 (/opt/ros/humble/share/eigen3_cmake_module/cmake)
[0.555s] -- Ensuring Eigen3 include directory is part of orocos-kdl CMake target
[0.632s] -- Found rmw_implementation_cmake: 6.1.1 (/opt/ros/humble/share/rmw_implementation_cmake/cmake)
[0.633s] -- Found rmw_fastrtps_cpp: 6.2.6 (/opt/ros/humble/share/rmw_fastrtps_cpp/cmake)
[0.715s] -- Using RMW implementation 'rmw_fastrtps_cpp' as default
[1.001s] -- BACKWARD_HAS_UNWIND=1
[1.001s] -- BACKWARD_HAS_BACKTRACE=0
[1.001s] -- BACKWARD_HAS_BACKTRACE_SYMBOL=0
[1.001s] -- BACKWARD_HAS_DW=1
[1.001s] -- BACKWARD_HAS_BFD=0
[1.001s] -- Found Backward: /opt/ros/humble/share/backward_ros/cmake  
[1.002s] [0mplato_teleop: You did not request a specific build type: Choosing 'Release' for maximum performance[0m
[1.004s] -- Found Boost: /usr/lib/x86_64-linux-gnu/cmake/Boost-1.74.0/BoostConfig.cmake (found version "1.74.0")  
[1.004s] -- Found control_msgs: 4.4.0 (/opt/ros/humble/share/control_msgs/cmake)
[1.213s] -- Found interactive_markers: 2.3.2 (/opt/ros/humble/share/interactive_markers/cmake)
[1.291s] -- Found moveit_core: 2.5.5 (/opt/ros/humble/share/moveit_core/cmake)
[1.300s] -- Found Boost: /usr/lib/x86_64-linux-gnu/cmake/Boost-1.74.0/BoostConfig.cmake (found version "1.74.0") found components: chrono date_time filesystem iostreams program_options regex serialization system thread 
[1.304s] -- Found parameter_traits: 0.3.7 (/opt/ros/humble/share/parameter_traits/cmake)
[1.313s] -- Found rclcpp_lifecycle: 16.0.8 (/opt/ros/humble/share/rclcpp_lifecycle/cmake)
[1.338s] -- Found Boost: /usr/lib/x86_64-linux-gnu/cmake/Boost-1.74.0/BoostConfig.cmake (found version "1.74.0") found components: filesystem 
[1.361s] -- library: /usr/lib/x86_64-linux-gnu/libcurl.so
[1.786s] -- Found moveit_ros_planning: 2.5.5 (/opt/ros/humble/share/moveit_ros_planning/cmake)
[1.789s] -- Found Boost: /usr/lib/x86_64-linux-gnu/cmake/Boost-1.74.0/BoostConfig.cmake (found version "1.74.0") found components: system filesystem date_time program_options thread chrono 
[2.046s] -- Found moveit_ros_planning_interface: 2.5.5 (/opt/ros/humble/share/moveit_ros_planning_interface/cmake)
[2.049s] -- Found Boost: /usr/lib/x86_64-linux-gnu/cmake/Boost-1.74.0/BoostConfig.cmake (found version "1.74.0") found components: date_time filesystem program_options system thread 
[2.161s] -- Found Boost: /usr/lib/x86_64-linux-gnu/cmake/Boost-1.74.0/BoostConfig.cmake (found version "1.74.0") found components: thread system filesystem regex date_time program_options 
[2.307s] -- Found Boost: /usr/lib/x86_64-linux-gnu/cmake/Boost-1.74.0/BoostConfig.cmake (found version "1.74.0") found components: system filesystem date_time program_options thread 
[2.558s] -- Found moveit_servo: 2.5.5 (/opt/ros/humble/share/moveit_servo/cmake)
[2.937s] -- Found ament_lint_auto: 0.12.10 (/opt/ros/humble/share/ament_lint_auto/cmake)
[2.956s] -- Added test 'cppcheck' to perform static code analysis on C / C++ code
[2.956s] -- Configured cppcheck include dirs: /home/optimo/workspaces/maestro_ws/src/plato_teleop/include
[2.956s] -- Configured cppcheck exclude dirs and/or files: 
[2.957s] -- Added test 'flake8' to check Python code syntax and style conventions
[2.957s] -- Added test 'lint_cmake' to check CMake code style
[2.958s] -- Added test 'pep257' to check Python code against some of the docstring style conventions in PEP 257
[2.959s] -- Added test 'uncrustify' to check C / C++ code style
[2.959s] -- Configured uncrustify additional arguments: 
[2.959s] -- Added test 'xmllint' to check XML markup files
[2.961s] -- Configuring done
[2.995s] -- Generating done
[2.996s] -- Build files have been written to: /home/optimo/workspaces/maestro_ws/build/plato_teleop
[3.003s] Invoked command in '/home/optimo/workspaces/maestro_ws/build/plato_teleop' returned '0': CMAKE_PREFIX_PATH=${CMAKE_PREFIX_PATH}:/home/optimo/workspaces/plato_ws/install/plato_pycontroller:/home/optimo/workspaces/spacemouse_ws/install/spaceMouse_navigator:/home/optimo/workspaces/spacemouse_ws/install/data_collection:/opt/ros/humble /usr/bin/cmake /home/optimo/workspaces/maestro_ws/src/plato_teleop -DCMAKE_INSTALL_PREFIX=/home/optimo/workspaces/maestro_ws/install/plato_teleop
[3.004s] Invoking command in '/home/optimo/workspaces/maestro_ws/build/plato_teleop': CMAKE_PREFIX_PATH=${CMAKE_PREFIX_PATH}:/home/optimo/workspaces/plato_ws/install/plato_pycontroller:/home/optimo/workspaces/spacemouse_ws/install/spaceMouse_navigator:/home/optimo/workspaces/spacemouse_ws/install/data_collection:/opt/ros/humble /usr/bin/cmake --build /home/optimo/workspaces/maestro_ws/build/plato_teleop -- -j20 -l20
[3.032s] [ 25%] [32mBuilding CXX object CMakeFiles/controller_spaceMouse.dir/src/controller_spaceMouse.cpp.o[0m
[3.033s] [ 50%] [32mBuilding CXX object CMakeFiles/controller_PlatoHand.dir/src/controller_PlatoHand.cpp.o[0m
[3.425s] In file included from [01m[K/home/optimo/workspaces/maestro_ws/src/plato_teleop/src/controller_spaceMouse.cpp:5[m[K:
[3.425s] [01m[K/opt/ros/humble/include/tf2_geometry_msgs/tf2_geometry_msgs/tf2_geometry_msgs.h:35:2:[m[K [01;35m[Kwarning: [m[K#warning This header is obsolete, please include tf2_geometry_msgs/tf2_geometry_msgs.hpp instead [[01;35m[K]8;;https://gcc.gnu.org/onlinedocs/gcc/Warning-Options.html#index-Wcpp-Wcpp]8;;[m[K]
[3.425s]    35 | #[01;35m[Kwarning[m[K This header is obsolete, please include tf2_geometry_msgs/tf2_geometry_msgs.hpp instead
[3.425s]       |  [01;35m[K^~~~~~~[m[K
[3.435s] [01m[K/home/optimo/workspaces/maestro_ws/src/plato_teleop/src/controller_PlatoHand.cpp:9:10:[m[K [01;31m[Kfatal error: [m[Kmoveit_visual_tools/moveit_visual_tools.h: No such file or directory
[3.435s]     9 | #include [01;31m[K<moveit_visual_tools/moveit_visual_tools.h>[m[K
[3.435s]       |          [01;31m[K^~~~~~~~~~~~~~~~~~~~~~~~~~~~~~~~~~~~~~~~~~~[m[K
[3.435s] compilation terminated.
[3.439s] gmake[2]: *** [CMakeFiles/controller_PlatoHand.dir/build.make:76: CMakeFiles/controller_PlatoHand.dir/src/controller_PlatoHand.cpp.o] Error 1
[3.439s] gmake[1]: *** [CMakeFiles/Makefile2:139: CMakeFiles/controller_PlatoHand.dir/all] Error 2
[3.439s] gmake[1]: *** Waiting for unfinished jobs....
[11.248s] [ 75%] [32m[1mLinking CXX executable controller_spaceMouse[0m
[11.541s] [ 75%] Built target controller_spaceMouse
[11.541s] gmake: *** [Makefile:146: all] Error 2
[11.543s] Invoked command in '/home/optimo/workspaces/maestro_ws/build/plato_teleop' returned '2': CMAKE_PREFIX_PATH=${CMAKE_PREFIX_PATH}:/home/optimo/workspaces/plato_ws/install/plato_pycontroller:/home/optimo/workspaces/spacemouse_ws/install/spaceMouse_navigator:/home/optimo/workspaces/spacemouse_ws/install/data_collection:/opt/ros/humble /usr/bin/cmake --build /home/optimo/workspaces/maestro_ws/build/plato_teleop -- -j20 -l20
